<?xml version="1.0" encoding="UTF-8"?>
<!-- Generated by org.testng.reporters.JUnitReportReporter -->
<testsuite hostname="Sedra" failures="0" tests="3" name="TestCases.myTestCases" time="13.009" errors="0" timestamp="2023-12-04T10:00:38 EET" skipped="0">
  <testcase classname="TestCases.myTestCases" name="signup" time="7.370"/>
  <system-out/>
  <testcase classname="TestCases.myTestCases" name="logout" time="3.187"/>
  <system-out/>
  <testcase classname="TestCases.myTestCases" name="login" time="2.452"/>
  <system-out/>
</testsuite> <!-- TestCases.myTestCases -->
