<?xml version="1.0" encoding="UTF-8"?>
<!-- Generated by org.testng.reporters.JUnitReportReporter -->
<testsuite hostname="Sedra" failures="0" tests="3" name="TestCases.Signup_login_Test" time="20.382" errors="0" timestamp="2023-12-04T10:29:19 EET" skipped="0">
  <testcase classname="TestCases.Signup_login_Test" name="signup" time="7.733"/>
  <system-out/>
  <testcase classname="TestCases.Signup_login_Test" name="logout" time="8.175"/>
  <system-out/>
  <testcase classname="TestCases.Signup_login_Test" name="login" time="4.474"/>
  <system-out/>
</testsuite> <!-- TestCases.Signup_login_Test -->
